<?xml version="1.0" encoding="UTF-8"?>
<!-- Generated by org.testng.reporters.JUnitXMLReporter -->
<testsuite ignored="0" hostname="Test" failures="0" tests="16" name="Default test" time="38.949" errors="0" timestamp="2025-02-17T13:34:10 EET">
  <testcase classname="greenkart.testCases.TestExecution" name="TC1" time="12.271"/>
  <testcase classname="greenkart.testCases.TestExecution" name="TC2" time="1.752"/>
  <testcase classname="greenkart.testCases.TestExecution" name="TC3" time="3.1"/>
  <testcase classname="greenkart.testCases.TestExecution" name="TC4" time="1.922"/>
  <testcase classname="greenkart.testCases.TestExecution" name="TC5" time="0.99"/>
  <testcase classname="greenkart.testCases.TestExecution" name="TC6" time="0.293"/>
  <testcase classname="greenkart.testCases.TestExecution" name="TC7" time="5.266"/>
  <testcase classname="greenkart.testCases.TestExecution" name="TC8" time="5.594"/>
  <testcase classname="greenkart.testCases.TestExecution" name="TC9" time="0.154"/>
  <testcase classname="greenkart.testCases.TestExecution" name="TC10" time="0.133"/>
  <testcase classname="greenkart.testCases.TestExecution" name="TC11" time="0.236"/>
  <testcase classname="greenkart.testCases.TestExecution" name="TC12" time="0.439"/>
  <testcase classname="greenkart.testCases.TestExecution" name="TC13" time="0.87"/>
  <testcase classname="greenkart.testCases.TestExecution" name="TC14" time="0.482"/>
  <testcase classname="greenkart.testCases.TestExecution" name="TC15" time="0.566"/>
  <testcase classname="greenkart.testCases.TestExecution" name="TC16" time="0.664"/>
</testsuite> <!-- Default test -->
