<?xml version="1.0" encoding="UTF-8"?>
<!-- Generated by org.testng.reporters.JUnitXMLReporter -->
<testsuite ignored="0" hostname="Test" failures="0" tests="17" name="Default test" time="43.608" errors="0" timestamp="2025-02-28T10:33:06 EET">
  <testcase classname="greenkart.testCases.TestExecution" name="TC1" time="14.518"/>
  <testcase classname="greenkart.testCases.TestExecution" name="TC2" time="1.988"/>
  <testcase classname="greenkart.testCases.TestExecution" name="TC3" time="3.199"/>
  <testcase classname="greenkart.testCases.TestExecution" name="TC4" time="2.132"/>
  <testcase classname="greenkart.testCases.TestExecution" name="TC5" time="1.011"/>
  <testcase classname="greenkart.testCases.TestExecution" name="TC6" time="0.298"/>
  <testcase classname="greenkart.testCases.TestExecution" name="TC7" time="5.371"/>
  <testcase classname="greenkart.testCases.TestExecution" name="TC8" time="5.511"/>
  <testcase classname="greenkart.testCases.TestExecution" name="TC9" time="0.152"/>
  <testcase classname="greenkart.testCases.TestExecution" name="TC10" time="0.151"/>
  <testcase classname="greenkart.testCases.TestExecution" name="TC11" time="0.246"/>
  <testcase classname="greenkart.testCases.TestExecution" name="TC12" time="0.442"/>
  <testcase classname="greenkart.testCases.TestExecution" name="TC13" time="0.79"/>
  <testcase classname="greenkart.testCases.TestExecution" name="TC14" time="0.353"/>
  <testcase classname="greenkart.testCases.TestExecution" name="TC15" time="0.425"/>
  <testcase classname="greenkart.testCases.TestExecution" name="TC16" time="0.518"/>
  <testcase classname="greenkart.testCases.TestExecution" name="TC17" time="4.063"/>
</testsuite> <!-- Default test -->
