<?xml version="1.0" encoding="UTF-8"?>
<!-- Generated by org.testng.reporters.JUnitXMLReporter -->
<testsuite ignored="0" hostname="Test" failures="0" tests="17" name="Test 1" time="50.359" errors="0" timestamp="2025-03-28T14:14:35 EET">
  <testcase classname="greenkart.testCases.TestExecution" name="TC1" time="13.343"/>
  <testcase classname="greenkart.testCases.TestExecution" name="TC2" time="2.899"/>
  <testcase classname="greenkart.testCases.TestExecution" name="TC3" time="5.439"/>
  <testcase classname="greenkart.testCases.TestExecution" name="TC4" time="3.068"/>
  <testcase classname="greenkart.testCases.TestExecution" name="TC5" time="1.361"/>
  <testcase classname="greenkart.testCases.TestExecution" name="TC6" time="0.342"/>
  <testcase classname="greenkart.testCases.TestExecution" name="TC7" time="5.394"/>
  <testcase classname="greenkart.testCases.TestExecution" name="TC8" time="5.704"/>
  <testcase classname="greenkart.testCases.TestExecution" name="TC9" time="0.153"/>
  <testcase classname="greenkart.testCases.TestExecution" name="TC10" time="0.137"/>
  <testcase classname="greenkart.testCases.TestExecution" name="TC11" time="0.261"/>
  <testcase classname="greenkart.testCases.TestExecution" name="TC12" time="0.388"/>
  <testcase classname="greenkart.testCases.TestExecution" name="TC13" time="0.809"/>
  <testcase classname="greenkart.testCases.TestExecution" name="TC14" time="0.414"/>
  <testcase classname="greenkart.testCases.TestExecution" name="TC15" time="0.561"/>
  <testcase classname="greenkart.testCases.TestExecution" name="TC16" time="0.602"/>
  <testcase classname="greenkart.testCases.TestExecution" name="TC17" time="4.861"/>
</testsuite> <!-- Test 1 -->
