<?xml version="1.0" encoding="UTF-8"?>
<!-- Generated by org.testng.reporters.JUnitXMLReporter -->
<testsuite ignored="0" hostname="Test" failures="0" tests="18" name="Test 1" time="60.351" errors="0" timestamp="2026-04-21T15:30:14 EEST">
  <testcase classname="greenkart.testCases.TestExecution" name="TestStart" time="3.631"/>
  <testcase classname="greenkart.testCases.TestExecution" name="TC1" time="9.47"/>
  <testcase classname="greenkart.testCases.TestExecution" name="TC2" time="1.826"/>
  <testcase classname="greenkart.testCases.TestExecution" name="TC3" time="3.354"/>
  <testcase classname="greenkart.testCases.TestExecution" name="TC4" time="1.765"/>
  <testcase classname="greenkart.testCases.TestExecution" name="TC5" time="1.394"/>
  <testcase classname="greenkart.testCases.TestExecution" name="TC6" time="0.731"/>
  <testcase classname="greenkart.testCases.TestExecution" name="TC7" time="5.615"/>
  <testcase classname="greenkart.testCases.TestExecution" name="TC8" time="20.782"/>
  <testcase classname="greenkart.testCases.TestExecution" name="TC9" time="0.176"/>
  <testcase classname="greenkart.testCases.TestExecution" name="TC10" time="0.112"/>
  <testcase classname="greenkart.testCases.TestExecution" name="TC11" time="0.381"/>
  <testcase classname="greenkart.testCases.TestExecution" name="TC12" time="0.422"/>
  <testcase classname="greenkart.testCases.TestExecution" name="TC13" time="1.035"/>
  <testcase classname="greenkart.testCases.TestExecution" name="TC14" time="1.232"/>
  <testcase classname="greenkart.testCases.TestExecution" name="TC15" time="1.498"/>
  <testcase classname="greenkart.testCases.TestExecution" name="TC16" time="1.588"/>
  <testcase classname="greenkart.testCases.TestExecution" name="TC17" time="3.704"/>
</testsuite> <!-- Test 1 -->
