<?xml version="1.0" encoding="UTF-8"?>
<!-- Generated by org.testng.reporters.JUnitXMLReporter -->
<testsuite ignored="0" hostname="Test" failures="0" tests="18" name="Test 1" time="43.445" errors="0" timestamp="2025-07-11T15:36:50 EEST">
  <testcase classname="greenkart.testCases.TestExecution" name="TestStart" time="2.805"/>
  <testcase classname="greenkart.testCases.TestExecution" name="TC1" time="9.063"/>
  <testcase classname="greenkart.testCases.TestExecution" name="TC2" time="2.102"/>
  <testcase classname="greenkart.testCases.TestExecution" name="TC3" time="3.872"/>
  <testcase classname="greenkart.testCases.TestExecution" name="TC4" time="2.485"/>
  <testcase classname="greenkart.testCases.TestExecution" name="TC5" time="1.103"/>
  <testcase classname="greenkart.testCases.TestExecution" name="TC6" time="0.279"/>
  <testcase classname="greenkart.testCases.TestExecution" name="TC7" time="5.52"/>
  <testcase classname="greenkart.testCases.TestExecution" name="TC8" time="5.766"/>
  <testcase classname="greenkart.testCases.TestExecution" name="TC9" time="0.126"/>
  <testcase classname="greenkart.testCases.TestExecution" name="TC10" time="0.117"/>
  <testcase classname="greenkart.testCases.TestExecution" name="TC11" time="0.274"/>
  <testcase classname="greenkart.testCases.TestExecution" name="TC12" time="0.395"/>
  <testcase classname="greenkart.testCases.TestExecution" name="TC13" time="0.826"/>
  <testcase classname="greenkart.testCases.TestExecution" name="TC14" time="0.458"/>
  <testcase classname="greenkart.testCases.TestExecution" name="TC15" time="0.576"/>
  <testcase classname="greenkart.testCases.TestExecution" name="TC16" time="0.657"/>
  <testcase classname="greenkart.testCases.TestExecution" name="TC17" time="5.357"/>
</testsuite> <!-- Test 1 -->
