<?xml version="1.0" encoding="UTF-8"?>
<testsuite xmlns:xsi="http://www.w3.org/2001/XMLSchema-instance" xsi:noNamespaceSchemaLocation="https://maven.apache.org/surefire/maven-surefire-plugin/xsd/surefire-test-report.xsd" version="3.0.2" name="TestSuite" time="61.138" tests="18" errors="0" skipped="0" failures="0" flakes="0">
  <properties>
[...]
</properties>
  <testcase name="TestStart" classname="greenkart.testCases.TestExecution" time="3.67">
    <system-out><![CDATA[2026-04-21 15:29:14,518 [main] INFO BaseTest.setUP - Test Execution Started
2026-04-21 15:29:14,519 [main] INFO BaseTest.setUP - Successfully loaded browser configuration: chrome
2026-04-21 15:29:15,496 [main] INFO BaseTest.setUP - Tests Running in chrome browser. Version: 147.0.7727.102. Driver Version: ChromeDriver 147.0.7727.56. OS: Windows 11
2026-04-21 15:29:15,555 [main] INFO BaseTest.setUP - Browser window maximized
2026-04-21 15:29:15,562 [main] INFO BaseTest.setUP - Browser cookies deleted
2026-04-21 15:29:15,583 [main] INFO UserData.<init> - Initializing UserData with staging environment...
2026-04-21 15:29:15,583 [main] INFO UserData.<init> - Successfully loaded properties for staging environment
2026-04-21 15:29:19,201 [main] INFO BaseTest.logURL - Navigated to test URL: https://rahulshettyacademy.com/seleniumPractise/#/
]]></system-out>
    <system-err><![CDATA[SLF4J(W): No SLF4J providers were found.
SLF4J(W): Defaulting to no-operation (NOP) logger implementation
SLF4J(W): See https://www.slf4j.org/codes.html#noProviders for further details.
]]></system-err>
  </testcase>
  <testcase name="TC1" classname="greenkart.testCases.TestExecution" time="9.47">
    <system-out><![CDATA[2026-04-21 15:29:19,276 [main] INFO Waits.waitForVisibilityOf - Waiting for up to 5 seconds for 'Search Field' element to be visible
2026-04-21 15:29:19,305 [main] INFO Waits.waitForVisibilityOf - Search Field element is visible after waiting 0.029 seconds
2026-04-21 15:29:19,416 [main] INFO ProductCatalog.searchValidation - Entered search keyword: 'apple'. Waiting 4000ms
2026-04-21 15:29:23,466 [main] INFO Waits.waitForVisibilityOfAll - Waiting for up to 5 seconds for 'Product Names' elements to be visible
2026-04-21 15:29:23,500 [main] INFO Waits.waitForVisibilityOfAll - Product Names elements are visible after waiting 0.034 seconds
2026-04-21 15:29:23,532 [main] INFO ProductCatalog.searchValidation - Searching for product: apple, checking if matching product is found
2026-04-21 15:29:23,535 [main] INFO Asserts.assertEquals - Assertion Passed: Expected 'apple', found 'apple'
2026-04-21 15:29:23,535 [main] INFO Waits.waitForVisibilityOf - Waiting for up to 5 seconds for 'Search Field' element to be visible
2026-04-21 15:29:23,581 [main] INFO Waits.waitForVisibilityOf - Search Field element is visible after waiting 0.046 seconds
2026-04-21 15:29:23,628 [main] INFO ProductCatalog.searchValidation - Clearing search field and refreshing page
2026-04-21 15:29:24,177 [main] INFO ProductCatalog.searchValidation - Refreshed page
2026-04-21 15:29:24,177 [main] INFO Waits.waitForVisibilityOf - Waiting for up to 5 seconds for 'Search Field' element to be visible
2026-04-21 15:29:24,199 [main] INFO Waits.waitForVisibilityOf - Search Field element is visible after waiting 0.022 seconds
2026-04-21 15:29:24,276 [main] INFO ProductCatalog.searchValidation - Entered search keyword: 'wrong-word'. Waiting 4000ms
2026-04-21 15:29:28,285 [main] INFO ProductCatalog.searchValidation - No products found, checking if not products found message is displayed
2026-04-21 15:29:28,285 [main] INFO Waits.waitForVisibilityOf - Waiting for up to 5 seconds for 'No Search Results' element to be visible
2026-04-21 15:29:28,306 [main] INFO Waits.waitForVisibilityOf - No Search Results element is visible after waiting 0.021 seconds
2026-04-21 15:29:28,326 [main] INFO Asserts.assertEquals - Assertion Passed: Expected 'Sorry, no products matched your search!
Enter a different keyword and try.', found 'Sorry, no products matched your search!
Enter a different keyword and try.'
2026-04-21 15:29:28,326 [main] INFO Waits.waitForVisibilityOf - Waiting for up to 5 seconds for 'Search Field' element to be visible
2026-04-21 15:29:28,335 [main] INFO Waits.waitForVisibilityOf - Search Field element is visible after waiting 0.009 seconds
2026-04-21 15:29:28,384 [main] INFO ProductCatalog.searchValidation - Clearing search field and refreshing page
2026-04-21 15:29:28,742 [main] INFO ProductCatalog.searchValidation - Refreshed page
]]></system-out>
  </testcase>
  <testcase name="TC2" classname="greenkart.testCases.TestExecution" time="1.827">
    <system-out><![CDATA[2026-04-21 15:29:30,021 [main] INFO ProductCatalog.addQuantity - For product: 'walnuts', was added a quantity of 15
2026-04-21 15:29:30,021 [main] INFO Waits.waitForVisibilityOf - Waiting for up to 5 seconds for 'Cart Icon' element to be visible
2026-04-21 15:29:30,042 [main] INFO Waits.waitForVisibilityOf - Cart Icon element is visible after waiting 0.021 seconds
2026-04-21 15:29:30,048 [main] INFO ProductCatalog.validateCartContents - Clicking cart icon to view cart contents
2026-04-21 15:29:30,140 [main] INFO Waits.waitForVisibilityOf - Waiting for up to 5 seconds for 'Quantity In Cart' element to be visible
2026-04-21 15:29:30,164 [main] INFO Waits.waitForVisibilityOf - Quantity In Cart element is visible after waiting 0.024 seconds
2026-04-21 15:29:30,267 [main] INFO ProductCatalog.validateCartContents - Checking if the price of the product: 170, multiplied with the quantity of product: 15, equals the amount: 2550
2026-04-21 15:29:30,268 [main] INFO Asserts.assertTrue - Assertion Passed: 
2026-04-21 15:29:30,268 [main] INFO Waits.waitForVisibilityOf - Waiting for up to 5 seconds for 'Remove Product' element to be visible
2026-04-21 15:29:30,299 [main] INFO Waits.waitForVisibilityOf - Remove Product element is visible after waiting 0.031 seconds
2026-04-21 15:29:30,404 [main] INFO ProductCatalog.validateCartContents - Removed product from cart
2026-04-21 15:29:30,404 [main] INFO ProductCatalog.validateCartContents - Checking if cart is empty
2026-04-21 15:29:30,404 [main] INFO Waits.waitForVisibilityOf - Waiting for up to 5 seconds for 'Empty Cart' element to be visible
2026-04-21 15:29:30,431 [main] INFO Waits.waitForVisibilityOf - Empty Cart element is visible after waiting 0.027 seconds
2026-04-21 15:29:30,448 [main] INFO Asserts.assertEquals - Assertion Passed: Expected 'You cart is empty!', found 'You cart is empty!'
2026-04-21 15:29:30,448 [main] INFO Waits.waitForVisibilityOf - Waiting for up to 5 seconds for 'Checkout' element to be visible
2026-04-21 15:29:30,478 [main] INFO Waits.waitForVisibilityOf - Checkout element is visible after waiting 0.03 seconds
2026-04-21 15:29:30,491 [main] INFO Asserts.assertTrue - Assertion Passed: 
2026-04-21 15:29:30,491 [main] INFO Waits.waitForVisibilityOf - Waiting for up to 5 seconds for 'Cart Icon' element to be visible
2026-04-21 15:29:30,515 [main] INFO Waits.waitForVisibilityOf - Cart Icon element is visible after waiting 0.024 seconds
2026-04-21 15:29:30,515 [main] INFO ProductCatalog.validateCartContents - Clicking cart icon button
]]></system-out>
  </testcase>
  <testcase name="TC3" classname="greenkart.testCases.TestExecution" time="3.354">
    <system-out><![CDATA[2026-04-21 15:29:30,615 [main] INFO Waits.waitForVisibilityOfAll - Waiting for up to 10 seconds for 'Product Names' elements to be visible
2026-04-21 15:29:31,381 [main] INFO Waits.waitForVisibilityOfAll - Product Names elements are visible after waiting 0.766 seconds
2026-04-21 15:29:31,444 [main] INFO ProductCatalog.addProductToCart - 'Brocolli' was added to cart
2026-04-21 15:29:31,516 [main] INFO ProductCatalog.addProductToCart - 'Cauliflower' was added to cart
2026-04-21 15:29:31,581 [main] INFO ProductCatalog.addProductToCart - 'Cucumber' was added to cart
2026-04-21 15:29:31,665 [main] INFO ProductCatalog.addProductToCart - 'Beetroot' was added to cart
2026-04-21 15:29:31,747 [main] INFO ProductCatalog.addProductToCart - 'Carrot' was added to cart
2026-04-21 15:29:31,850 [main] INFO ProductCatalog.addProductToCart - 'Tomato' was added to cart
2026-04-21 15:29:31,933 [main] INFO ProductCatalog.addProductToCart - 'Beans' was added to cart
2026-04-21 15:29:32,016 [main] INFO ProductCatalog.addProductToCart - 'Brinjal' was added to cart
2026-04-21 15:29:32,080 [main] INFO ProductCatalog.addProductToCart - 'Capsicum' was added to cart
2026-04-21 15:29:32,164 [main] INFO ProductCatalog.addProductToCart - 'Mushroom' was added to cart
2026-04-21 15:29:32,240 [main] INFO ProductCatalog.addProductToCart - 'Potato' was added to cart
2026-04-21 15:29:32,315 [main] INFO ProductCatalog.addProductToCart - 'Pumpkin' was added to cart
2026-04-21 15:29:32,397 [main] INFO ProductCatalog.addProductToCart - 'Corn' was added to cart
2026-04-21 15:29:32,499 [main] INFO ProductCatalog.addProductToCart - 'Onion' was added to cart
2026-04-21 15:29:32,583 [main] INFO ProductCatalog.addProductToCart - 'Apple' was added to cart
2026-04-21 15:29:32,647 [main] INFO ProductCatalog.addProductToCart - 'Banana' was added to cart
2026-04-21 15:29:32,747 [main] INFO ProductCatalog.addProductToCart - 'Grapes' was added to cart
2026-04-21 15:29:32,832 [main] INFO ProductCatalog.addProductToCart - 'Mango' was added to cart
2026-04-21 15:29:32,920 [main] INFO ProductCatalog.addProductToCart - 'Musk Melon' was added to cart
2026-04-21 15:29:33,022 [main] INFO ProductCatalog.addProductToCart - 'Orange' was added to cart
2026-04-21 15:29:33,119 [main] INFO ProductCatalog.addProductToCart - 'Pears' was added to cart
2026-04-21 15:29:33,206 [main] INFO ProductCatalog.addProductToCart - 'Pomegranate' was added to cart
2026-04-21 15:29:33,294 [main] INFO ProductCatalog.addProductToCart - 'Raspberry' was added to cart
2026-04-21 15:29:33,381 [main] INFO ProductCatalog.addProductToCart - 'Strawberry' was added to cart
2026-04-21 15:29:33,459 [main] INFO ProductCatalog.addProductToCart - 'Water Melon' was added to cart
2026-04-21 15:29:33,546 [main] INFO ProductCatalog.addProductToCart - 'Almonds' was added to cart
2026-04-21 15:29:33,639 [main] INFO ProductCatalog.addProductToCart - 'Pista' was added to cart
2026-04-21 15:29:33,715 [main] INFO ProductCatalog.addProductToCart - 'Nuts Mixture' was added to cart
2026-04-21 15:29:33,822 [main] INFO ProductCatalog.addProductToCart - 'Cashews' was added to cart
2026-04-21 15:29:33,917 [main] INFO ProductCatalog.addProductToCart - 'Walnuts' was added to cart
2026-04-21 15:29:33,917 [main] INFO ProductCatalog.addProductToCart - Finished adding products to cart. Total added: 30
2026-04-21 15:29:33,917 [main] INFO Waits.waitForVisibilityOf - Waiting for up to 10 seconds for 'Items Count' element to be visible
2026-04-21 15:29:33,941 [main] INFO Waits.waitForVisibilityOf - Items Count element is visible after waiting 0.024 seconds
2026-04-21 15:29:33,957 [main] INFO ProductCatalog.validateItemsTotal - Displayed item count matches expected item count
2026-04-21 15:29:33,957 [main] INFO Asserts.assertEquals - Assertion Passed: Expected '30', found '30'
]]></system-out>
  </testcase>
  <testcase name="TC4" classname="greenkart.testCases.TestExecution" time="1.765">
    <system-out><![CDATA[2026-04-21 15:29:34,048 [main] INFO ProductCatalog.validatePriceInCart - Validating sum of individual product prices matches displayed total
2026-04-21 15:29:35,670 [main] DEBUG ProductCatalog.validatePriceInCart - Sum of individual product prices: 3800
2026-04-21 15:29:35,670 [main] INFO ProductCatalog.validatePriceInCart - Checking if displayed total price matches the sum of individual prices
2026-04-21 15:29:35,670 [main] INFO Asserts.assertEquals - Assertion Passed: Expected '3800', found '3800'
2026-04-21 15:29:35,670 [main] INFO ProductCatalog.clickCheckout - Clicking Checkout button
2026-04-21 15:29:35,670 [main] INFO Waits.waitForVisibilityOf - Waiting for up to 10 seconds for 'Checkout Button' element to be visible
2026-04-21 15:29:35,670 [main] INFO Waits.waitForVisibilityOf - Checkout Button element is visible after waiting 0.0 seconds
]]></system-out>
  </testcase>
  <testcase name="TC5" classname="greenkart.testCases.TestExecution" time="1.391">
    <system-out><![CDATA[2026-04-21 15:29:35,744 [main] INFO Waits.waitForVisibilityOfAll - Waiting for up to 10 seconds for 'Product Names at Checkout' elements to be visible
2026-04-21 15:29:36,930 [main] INFO Waits.waitForVisibilityOfAll - Product Names at Checkout elements are visible after waiting 1.186 seconds
2026-04-21 15:29:36,949 [main] INFO CheckoutPage.validateProductsAtCheckout - Product found at checkout: Brocolli
2026-04-21 15:29:36,949 [main] INFO CheckoutPage.validateProductsAtCheckout - Product found at checkout: Cauliflower
2026-04-21 15:29:36,964 [main] INFO CheckoutPage.validateProductsAtCheckout - Product found at checkout: Cucumber
2026-04-21 15:29:36,966 [main] INFO CheckoutPage.validateProductsAtCheckout - Product found at checkout: Beetroot
2026-04-21 15:29:36,966 [main] INFO CheckoutPage.validateProductsAtCheckout - Product found at checkout: Carrot
2026-04-21 15:29:36,980 [main] INFO CheckoutPage.validateProductsAtCheckout - Product found at checkout: Tomato
2026-04-21 15:29:36,980 [main] INFO CheckoutPage.validateProductsAtCheckout - Product found at checkout: Beans
2026-04-21 15:29:36,980 [main] INFO CheckoutPage.validateProductsAtCheckout - Product found at checkout: Brinjal
2026-04-21 15:29:36,997 [main] INFO CheckoutPage.validateProductsAtCheckout - Product found at checkout: Capsicum
2026-04-21 15:29:36,997 [main] INFO CheckoutPage.validateProductsAtCheckout - Product found at checkout: Mushroom
2026-04-21 15:29:37,013 [main] INFO CheckoutPage.validateProductsAtCheckout - Product found at checkout: Potato
2026-04-21 15:29:37,014 [main] INFO CheckoutPage.validateProductsAtCheckout - Product found at checkout: Pumpkin
2026-04-21 15:29:37,020 [main] INFO CheckoutPage.validateProductsAtCheckout - Product found at checkout: Corn
2026-04-21 15:29:37,031 [main] INFO CheckoutPage.validateProductsAtCheckout - Product found at checkout: Onion
2026-04-21 15:29:37,034 [main] INFO CheckoutPage.validateProductsAtCheckout - Product found at checkout: Apple
2026-04-21 15:29:37,034 [main] INFO CheckoutPage.validateProductsAtCheckout - Product found at checkout: Banana
2026-04-21 15:29:37,049 [main] INFO CheckoutPage.validateProductsAtCheckout - Product found at checkout: Grapes
2026-04-21 15:29:37,050 [main] INFO CheckoutPage.validateProductsAtCheckout - Product found at checkout: Mango
2026-04-21 15:29:37,050 [main] INFO CheckoutPage.validateProductsAtCheckout - Product found at checkout: Musk Melon
2026-04-21 15:29:37,068 [main] INFO CheckoutPage.validateProductsAtCheckout - Product found at checkout: Orange
2026-04-21 15:29:37,069 [main] INFO CheckoutPage.validateProductsAtCheckout - Product found at checkout: Pears
2026-04-21 15:29:37,080 [main] INFO CheckoutPage.validateProductsAtCheckout - Product found at checkout: Pomegranate
2026-04-21 15:29:37,082 [main] INFO CheckoutPage.validateProductsAtCheckout - Product found at checkout: Raspberry
2026-04-21 15:29:37,082 [main] INFO CheckoutPage.validateProductsAtCheckout - Product found at checkout: Strawberry
2026-04-21 15:29:37,097 [main] INFO CheckoutPage.validateProductsAtCheckout - Product found at checkout: Water Melon
2026-04-21 15:29:37,101 [main] INFO CheckoutPage.validateProductsAtCheckout - Product found at checkout: Almonds
2026-04-21 15:29:37,101 [main] INFO CheckoutPage.validateProductsAtCheckout - Product found at checkout: Pista
2026-04-21 15:29:37,113 [main] INFO CheckoutPage.validateProductsAtCheckout - Product found at checkout: Nuts Mixture
2026-04-21 15:29:37,122 [main] INFO CheckoutPage.validateProductsAtCheckout - Product found at checkout: Cashews
2026-04-21 15:29:37,123 [main] INFO CheckoutPage.validateProductsAtCheckout - Product found at checkout: Walnuts
2026-04-21 15:29:37,123 [main] INFO CheckoutPage.validateProductsAtCheckout - Actual products at checkout: [Almonds, Apple, Banana, Beans, Beetroot, Brinjal, Brocolli, Capsicum, Carrot, Cashews, Cauliflower, Corn, Cucumber, Grapes, Mango, Mushroom, Musk Melon, Nuts Mixture, Onion, Orange, Pears, Pista, Pomegranate, Potato, Pumpkin, Raspberry, Strawberry, Tomato, Walnuts, Water Melon]
2026-04-21 15:29:37,132 [main] INFO CheckoutPage.validateProductsAtCheckout - Checking if product names at checkout match expected product catalog
2026-04-21 15:29:37,132 [main] INFO Asserts.assertEquals - Assertion Passed: Expected '[Almonds, Apple, Banana, Beans, Beetroot, Brinjal, Brocolli, Capsicum, Carrot, Cashews, Cauliflower, Corn, Cucumber, Grapes, Mango, Mushroom, Musk Melon, Nuts Mixture, Onion, Orange, Pears, Pista, Pomegranate, Potato, Pumpkin, Raspberry, Strawberry, Tomato, Walnuts, Water Melon]', found '[Almonds, Apple, Banana, Beans, Beetroot, Brinjal, Brocolli, Capsicum, Carrot, Cashews, Cauliflower, Corn, Cucumber, Grapes, Mango, Mushroom, Musk Melon, Nuts Mixture, Onion, Orange, Pears, Pista, Pomegranate, Potato, Pumpkin, Raspberry, Strawberry, Tomato, Walnuts, Water Melon]'
]]></system-out>
  </testcase>
  <testcase name="TC6" classname="greenkart.testCases.TestExecution" time="0.731">
    <system-out><![CDATA[2026-04-21 15:29:37,149 [main] INFO Waits.waitForVisibilityOf - Waiting for up to 5 seconds for 'Total Amount' element to be visible
2026-04-21 15:29:37,164 [main] INFO Waits.waitForVisibilityOf - Total Amount element is visible after waiting 0.015 seconds
2026-04-21 15:29:37,180 [main] INFO CheckoutPage.validateTotalAmount - Expected total amount displayed: 3800
2026-04-21 15:29:37,180 [main] INFO Waits.waitForVisibilityOfAll - Waiting for up to 10 seconds for 'Total Column' elements to be visible
2026-04-21 15:29:37,697 [main] INFO Waits.waitForVisibilityOfAll - Total Column elements are visible after waiting 0.517 seconds
2026-04-21 15:29:37,708 [main] INFO CheckoutPage.validateTotalAmount - Added item amount: 120, running sum: 120
2026-04-21 15:29:37,713 [main] INFO CheckoutPage.validateTotalAmount - Added item amount: 60, running sum: 180
2026-04-21 15:29:37,719 [main] INFO CheckoutPage.validateTotalAmount - Added item amount: 48, running sum: 228
2026-04-21 15:29:37,724 [main] INFO CheckoutPage.validateTotalAmount - Added item amount: 32, running sum: 260
2026-04-21 15:29:37,730 [main] INFO CheckoutPage.validateTotalAmount - Added item amount: 56, running sum: 316
2026-04-21 15:29:37,730 [main] INFO CheckoutPage.validateTotalAmount - Added item amount: 16, running sum: 332
2026-04-21 15:29:37,740 [main] INFO CheckoutPage.validateTotalAmount - Added item amount: 82, running sum: 414
2026-04-21 15:29:37,746 [main] INFO CheckoutPage.validateTotalAmount - Added item amount: 35, running sum: 449
2026-04-21 15:29:37,750 [main] INFO CheckoutPage.validateTotalAmount - Added item amount: 60, running sum: 509
2026-04-21 15:29:37,750 [main] INFO CheckoutPage.validateTotalAmount - Added item amount: 75, running sum: 584
2026-04-21 15:29:37,763 [main] INFO CheckoutPage.validateTotalAmount - Added item amount: 22, running sum: 606
2026-04-21 15:29:37,763 [main] INFO CheckoutPage.validateTotalAmount - Added item amount: 48, running sum: 654
2026-04-21 15:29:37,772 [main] INFO CheckoutPage.validateTotalAmount - Added item amount: 75, running sum: 729
2026-04-21 15:29:37,780 [main] INFO CheckoutPage.validateTotalAmount - Added item amount: 16, running sum: 745
2026-04-21 15:29:37,784 [main] INFO CheckoutPage.validateTotalAmount - Added item amount: 72, running sum: 817
2026-04-21 15:29:37,797 [main] INFO CheckoutPage.validateTotalAmount - Added item amount: 45, running sum: 862
2026-04-21 15:29:37,797 [main] INFO CheckoutPage.validateTotalAmount - Added item amount: 60, running sum: 922
2026-04-21 15:29:37,797 [main] INFO CheckoutPage.validateTotalAmount - Added item amount: 75, running sum: 997
2026-04-21 15:29:37,813 [main] INFO CheckoutPage.validateTotalAmount - Added item amount: 36, running sum: 1033
2026-04-21 15:29:37,816 [main] INFO CheckoutPage.validateTotalAmount - Added item amount: 75, running sum: 1108
2026-04-21 15:29:37,816 [main] INFO CheckoutPage.validateTotalAmount - Added item amount: 69, running sum: 1177
2026-04-21 15:29:37,830 [main] INFO CheckoutPage.validateTotalAmount - Added item amount: 95, running sum: 1272
2026-04-21 15:29:37,830 [main] INFO CheckoutPage.validateTotalAmount - Added item amount: 160, running sum: 1432
2026-04-21 15:29:37,850 [main] INFO CheckoutPage.validateTotalAmount - Added item amount: 180, running sum: 1612
2026-04-21 15:29:37,850 [main] INFO CheckoutPage.validateTotalAmount - Added item amount: 28, running sum: 1640
2026-04-21 15:29:37,863 [main] INFO CheckoutPage.validateTotalAmount - Added item amount: 200, running sum: 1840
2026-04-21 15:29:37,863 [main] INFO CheckoutPage.validateTotalAmount - Added item amount: 190, running sum: 2030
2026-04-21 15:29:37,863 [main] INFO CheckoutPage.validateTotalAmount - Added item amount: 950, running sum: 2980
2026-04-21 15:29:37,880 [main] INFO CheckoutPage.validateTotalAmount - Added item amount: 650, running sum: 3630
2026-04-21 15:29:37,880 [main] INFO CheckoutPage.validateTotalAmount - Added item amount: 170, running sum: 3800
2026-04-21 15:29:37,880 [main] INFO CheckoutPage.validateTotalAmount - Checking if sum of individual items matches displayed total
2026-04-21 15:29:37,880 [main] INFO Asserts.assertEquals - Assertion Passed: Expected '3800', found '3800'
]]></system-out>
  </testcase>
  <testcase name="TC7" classname="greenkart.testCases.TestExecution" time="5.621">
    <system-out><![CDATA[2026-04-21 15:29:37,897 [main] INFO Waits.waitForVisibilityOf - Waiting for up to 5 seconds for 'Promo Input Field' element to be visible
2026-04-21 15:29:37,914 [main] INFO Waits.waitForVisibilityOf - Promo Input Field element is visible after waiting 0.017 seconds
2026-04-21 15:29:37,930 [main] INFO Waits.waitForVisibilityOf - Waiting for up to 5 seconds for 'Apply Promo Button' element to be visible
2026-04-21 15:29:37,950 [main] INFO Waits.waitForVisibilityOf - Apply Promo Button element is visible after waiting 0.02 seconds
2026-04-21 15:29:37,980 [main] INFO CheckoutPage.validateEmptyCode - Clicked Apply Promo button
2026-04-21 15:29:37,980 [main] INFO Waits.fluentWait - Waiting for up to 2 seconds for 'Promo Info Message' element to be visible
2026-04-21 15:29:38,000 [main] INFO Waits.fluentWait - Promo Info Message element is visible after waiting 0.02 seconds
2026-04-21 15:29:38,000 [main] INFO CheckoutPage.validateEmptyCode - Checking if promo code message: 'Empty code ..!' is displayed in red color
2026-04-21 15:29:38,013 [main] INFO Asserts.assertEquals - Assertion Passed: Expected 'Empty code ..!', found 'Empty code ..!'
2026-04-21 15:29:38,019 [main] INFO Asserts.assertTrue - Assertion Passed: Empty code ..! is displayed in red color
2026-04-21 15:29:38,019 [main] INFO Waits.waitForVisibilityOf - Waiting for up to 5 seconds for 'Promo Input Field' element to be visible
2026-04-21 15:29:38,031 [main] INFO Waits.waitForVisibilityOf - Promo Input Field element is visible after waiting 0.012 seconds
2026-04-21 15:29:38,066 [main] INFO CheckoutPage.validateInvalidCode - Entered invalid promo code
2026-04-21 15:29:38,066 [main] INFO Waits.waitForVisibilityOf - Waiting for up to 5 seconds for 'Apply Promo Button' element to be visible
2026-04-21 15:29:38,074 [main] INFO Waits.waitForVisibilityOf - Apply Promo Button element is visible after waiting 0.008 seconds
2026-04-21 15:29:38,097 [main] INFO CheckoutPage.validateInvalidCode - Clicked Apply Promo button
2026-04-21 15:29:38,097 [main] INFO Waits.fluentWait - Waiting for up to 2 seconds for 'Promo Info Message' element to be visible
2026-04-21 15:29:38,118 [main] INFO Waits.fluentWait - Promo Info Message element is visible after waiting 0.021 seconds
2026-04-21 15:29:38,118 [main] INFO CheckoutPage.validateInvalidCode - Checking if promo code message: 'Invalid code ..!' is displayed in red color
2026-04-21 15:29:43,496 [main] INFO Asserts.assertEquals - Assertion Passed: Expected 'Invalid code ..!', found 'Invalid code ..!'
2026-04-21 15:29:43,512 [main] INFO Asserts.assertTrue - Assertion Passed: Invalid code ..! is displayed in red color
]]></system-out>
  </testcase>
  <testcase name="TC8" classname="greenkart.testCases.TestExecution" time="20.784">
    <system-out><![CDATA[2026-04-21 15:29:43,795 [main] INFO CheckoutPage.validateAfterDiscount - Refreshed page for fresh discount test
2026-04-21 15:29:43,795 [main] INFO Waits.waitForVisibilityOf - Waiting for up to 5 seconds for 'Promo Input Field' element to be visible
2026-04-21 15:29:43,813 [main] INFO Waits.waitForVisibilityOf - Promo Input Field element is visible after waiting 0.018 seconds
2026-04-21 15:29:43,867 [main] INFO CheckoutPage.validateAfterDiscount - Entered discount code: rahulshettyacademy
2026-04-21 15:29:43,867 [main] INFO Waits.waitForVisibilityOf - Waiting for up to 5 seconds for 'Apply Promo Button' element to be visible
2026-04-21 15:29:43,880 [main] INFO Waits.waitForVisibilityOf - Apply Promo Button element is visible after waiting 0.011 seconds
2026-04-21 15:29:43,936 [main] INFO CheckoutPage.validateAfterDiscount - Clicked Apply Promo button
2026-04-21 15:29:43,936 [main] INFO Waits.fluentWait - Waiting for up to 2 seconds for 'Promo Info Message' element to be visible
2026-04-21 15:29:53,994 [main] INFO Waits.fluentWait - Promo Info Message element is visible after waiting 10.058 seconds
2026-04-21 15:29:53,994 [main] INFO CheckoutPage.validateAfterDiscount - Checking if discount code message: 'Code applied ..!' is displayed in green color
2026-04-21 15:30:04,175 [main] INFO Asserts.assertEquals - Assertion Passed: Expected 'Code applied ..!', found 'Code applied ..!'
2026-04-21 15:30:04,175 [main] INFO Asserts.assertTrue - Assertion Passed: Code applied ..! is displayed in green color
2026-04-21 15:30:04,175 [main] INFO Waits.waitForVisibilityOf - Waiting for up to 5 seconds for 'Total Amount' element to be visible
2026-04-21 15:30:04,191 [main] INFO Waits.waitForVisibilityOf - Total Amount element is visible after waiting 0.016 seconds
2026-04-21 15:30:04,201 [main] INFO Waits.waitForVisibilityOf - Waiting for up to 5 seconds for 'Discount Percentage' element to be visible
2026-04-21 15:30:04,218 [main] INFO Waits.waitForVisibilityOf - Discount Percentage element is visible after waiting 0.017 seconds
2026-04-21 15:30:04,219 [main] INFO Waits.waitForVisibilityOf - Waiting for up to 5 seconds for 'Discount Amount' element to be visible
2026-04-21 15:30:04,236 [main] INFO Waits.waitForVisibilityOf - Discount Amount element is visible after waiting 0.017 seconds
2026-04-21 15:30:04,242 [main] DEBUG CheckoutPage.validateAfterDiscount - Original total: 3800
2026-04-21 15:30:04,242 [main] DEBUG CheckoutPage.validateAfterDiscount - Discount percentage: 10%
2026-04-21 15:30:04,242 [main] DEBUG CheckoutPage.validateAfterDiscount - Displayed total after discount: 3420.0
2026-04-21 15:30:04,242 [main] DEBUG CheckoutPage.validateAfterDiscount - Expected total after discount calculation: 3420.0
2026-04-21 15:30:04,242 [main] INFO Asserts.assertEquals - Assertion Passed: Expected '3420.0', found '3420.0'
2026-04-21 15:30:04,242 [main] INFO CheckoutPage.placeOrders - Clicking Place Order button
2026-04-21 15:30:04,242 [main] INFO Waits.waitForVisibilityOf - Waiting for up to 10 seconds for 'Place Order Button' element to be visible
2026-04-21 15:30:04,261 [main] INFO Waits.waitForVisibilityOf - Place Order Button element is visible after waiting 0.019 seconds
]]></system-out>
  </testcase>
  <testcase name="TC9" classname="greenkart.testCases.TestExecution" time="0.176">
    <system-out><![CDATA[2026-04-21 15:30:04,320 [main] INFO Waits.waitForVisibilityOf - Waiting for up to 5 seconds for 'Select Country' element to be visible
2026-04-21 15:30:04,343 [main] INFO Waits.waitForVisibilityOf - Select Country element is visible after waiting 0.023 seconds
2026-04-21 15:30:04,483 [main] INFO ElementActions.selectBy - Selected option by value: 'Romania'
2026-04-21 15:30:04,483 [main] INFO OrderSubmissionPage.validateSelectedCountry - Checking if country: Romania is selected
2026-04-21 15:30:04,493 [main] INFO Asserts.assertEquals - Assertion Passed: Expected 'Romania', found 'Romania'
]]></system-out>
  </testcase>
  <testcase name="TC10" classname="greenkart.testCases.TestExecution" time="0.112">
    <system-out><![CDATA[2026-04-21 15:30:04,498 [main] INFO Waits.waitForVisibilityOf - Waiting for up to 5 seconds for 'Proceed' element to be visible
2026-04-21 15:30:04,508 [main] INFO Waits.waitForVisibilityOf - Proceed element is visible after waiting 0.01 seconds
2026-04-21 15:30:04,566 [main] INFO OrderSubmissionPage.validateErrorAlert - Clicked Proceed button without accepting Terms & Conditions
2026-04-21 15:30:04,566 [main] INFO Waits.waitForVisibilityOf - Waiting for up to 10 seconds for 'Error Alert' element to be visible
2026-04-21 15:30:04,581 [main] INFO Waits.waitForVisibilityOf - Error Alert element is visible after waiting 0.015 seconds
2026-04-21 15:30:04,581 [main] INFO OrderSubmissionPage.validateErrorAlert - Checking if error message is displayed in red color
2026-04-21 15:30:04,593 [main] INFO Asserts.assertEquals - Assertion Passed: Expected 'Please accept Terms & Conditions - Required', found 'Please accept Terms & Conditions - Required'
2026-04-21 15:30:04,610 [main] INFO Asserts.assertTrue - Assertion Passed: Error message is displayed in red color
]]></system-out>
  </testcase>
  <testcase name="TC11" classname="greenkart.testCases.TestExecution" time="0.381">
    <system-out><![CDATA[2026-04-21 15:30:04,610 [main] INFO Waits.waitForVisibilityOf - Waiting for up to 5 seconds for 'Terms & Conditions' element to be visible
2026-04-21 15:30:04,644 [main] INFO Waits.waitForVisibilityOf - Terms & Conditions element is visible after waiting 0.034 seconds
2026-04-21 15:30:04,715 [main] INFO OrderSubmissionPage.validateTerms - Clicked on 'Terms & Conditions' button
2026-04-21 15:30:04,795 [main] INFO OrderSubmissionPage.validateTerms - Switched to 'Terms & Conditions' new tab
2026-04-21 15:30:04,795 [main] INFO OrderSubmissionPage.validateTerms - Checking if 'Terms & Conditions' new tab text is correct
2026-04-21 15:30:04,795 [main] INFO Waits.waitForVisibilityOf - Waiting for up to 5 seconds for 'Terms from New Tab' element to be visible
2026-04-21 15:30:04,892 [main] INFO Waits.waitForVisibilityOf - Terms from New Tab element is visible after waiting 0.097 seconds
2026-04-21 15:30:04,927 [main] INFO Asserts.assertEquals - Assertion Passed: Expected 'Here the terms and condition page Click to geo back Home', found 'Here the terms and condition page Click to geo back Home'
2026-04-21 15:30:04,991 [main] INFO OrderSubmissionPage.validateTerms - Closed 'Terms & Conditions' tab
2026-04-21 15:30:04,991 [main] DEBUG OrderSubmissionPage.validateTerms - Switched back to main window
]]></system-out>
  </testcase>
  <testcase name="TC12" classname="greenkart.testCases.TestExecution" time="0.425">
    <system-out><![CDATA[2026-04-21 15:30:05,011 [main] INFO Waits.waitForVisibilityOf - Waiting for up to 5 seconds for 'Checkbox' element to be visible
2026-04-21 15:30:05,041 [main] INFO Waits.waitForVisibilityOf - Checkbox element is visible after waiting 0.03 seconds
2026-04-21 15:30:05,041 [main] INFO Waits.waitForVisibilityOf - Waiting for up to 5 seconds for 'Proceed' element to be visible
2026-04-21 15:30:05,060 [main] INFO Waits.waitForVisibilityOf - Proceed element is visible after waiting 0.019 seconds
2026-04-21 15:30:05,137 [main] INFO OrderSubmissionPage.validateSubmitOrder - Selected checkbox
2026-04-21 15:30:05,182 [main] INFO OrderSubmissionPage.validateSubmitOrder - Clicked Proceed button
2026-04-21 15:30:05,182 [main] INFO Waits.waitForVisibilityOf - Waiting for up to 5 seconds for 'Successful Message' element to be visible
2026-04-21 15:30:05,199 [main] INFO Waits.waitForVisibilityOf - Successful Message element is visible after waiting 0.017 seconds
2026-04-21 15:30:05,199 [main] INFO OrderSubmissionPage.validateSubmitOrder - Checking if the order success message is correct
2026-04-21 15:30:05,209 [main] INFO Asserts.assertEquals - Assertion Passed: Expected 'Thank you, your order has been placed successfully
You'll be redirected to Home page shortly!!', found 'Thank you, your order has been placed successfully
You'll be redirected to Home page shortly!!'
2026-04-21 15:30:05,209 [main] INFO Waits.waitForVisibilityOf - Waiting for up to 5 seconds for 'Home Button' element to be visible
2026-04-21 15:30:05,225 [main] INFO Waits.waitForVisibilityOf - Home Button element is visible after waiting 0.016 seconds
2026-04-21 15:30:05,289 [main] INFO OrderSubmissionPage.validateSubmitOrder - Clicked Home button to return to main page
2026-04-21 15:30:05,289 [main] INFO ProductCatalog.clickTopDeals - Clicking Top Deals button
2026-04-21 15:30:05,289 [main] INFO Waits.waitForVisibilityOf - Waiting for up to 10 seconds for 'Top Deals Button' element to be visible
2026-04-21 15:30:05,341 [main] INFO Waits.waitForVisibilityOf - Top Deals Button element is visible after waiting 0.052 seconds
]]></system-out>
  </testcase>
  <testcase name="TC13" classname="greenkart.testCases.TestExecution" time="1.037">
    <system-out><![CDATA[2026-04-21 15:30:05,512 [main] INFO TopDeals.switchTab - Switched to child window
2026-04-21 15:30:05,512 [main] INFO Waits.waitForVisibilityOf - Waiting for up to 5 seconds for 'Search Field' element to be visible
2026-04-21 15:30:05,609 [main] INFO Waits.waitForVisibilityOf - Search Field element is visible after waiting 0.097 seconds
2026-04-21 15:30:05,680 [main] INFO TopDeals.searchValidation - Entered search keyword: wrong-word
2026-04-21 15:30:05,680 [main] INFO Waits.waitForVisibilityOfAll - Waiting for up to 10 seconds for 'Names List' elements to be visible
2026-04-21 15:30:05,710 [main] INFO Waits.waitForVisibilityOfAll - Names List elements are visible after waiting 0.03 seconds
2026-04-21 15:30:05,746 [main] INFO TopDeals.searchValidation - No data found for keyword: wrong-word
2026-04-21 15:30:05,746 [main] INFO Waits.waitForVisibilityOf - Waiting for up to 5 seconds for 'Search Field' element to be visible
2026-04-21 15:30:05,769 [main] INFO Waits.waitForVisibilityOf - Search Field element is visible after waiting 0.023 seconds
2026-04-21 15:30:06,059 [main] INFO TopDeals.searchValidation - Search field cleared and page refreshed
2026-04-21 15:30:06,059 [main] INFO Waits.waitForVisibilityOf - Waiting for up to 5 seconds for 'Search Field' element to be visible
2026-04-21 15:30:06,076 [main] INFO Waits.waitForVisibilityOf - Search Field element is visible after waiting 0.017 seconds
2026-04-21 15:30:06,110 [main] INFO TopDeals.searchValidation - Entered search keyword: tomato
2026-04-21 15:30:06,110 [main] INFO Waits.waitForVisibilityOfAll - Waiting for up to 10 seconds for 'Names List' elements to be visible
2026-04-21 15:30:06,161 [main] INFO Waits.waitForVisibilityOfAll - Names List elements are visible after waiting 0.051 seconds
2026-04-21 15:30:06,177 [main] INFO TopDeals.searchValidation - Validating search results for keyword: tomato
2026-04-21 15:30:06,195 [main] INFO Asserts.assertTrue - Assertion Passed: 
2026-04-21 15:30:06,209 [main] INFO Waits.waitForVisibilityOf - Waiting for up to 5 seconds for 'Search Field' element to be visible
2026-04-21 15:30:06,227 [main] INFO Waits.waitForVisibilityOf - Search Field element is visible after waiting 0.018 seconds
2026-04-21 15:30:06,482 [main] INFO TopDeals.searchValidation - Search field cleared and page refreshed
]]></system-out>
  </testcase>
  <testcase name="TC14" classname="greenkart.testCases.TestExecution" time="1.232">
    <system-out><![CDATA[2026-04-21 15:30:06,498 [main] INFO Waits.waitForVisibilityOf - Waiting for up to 5 seconds for 'Page Menu' element to be visible
2026-04-21 15:30:06,548 [main] INFO Waits.waitForVisibilityOf - Page Menu element is visible after waiting 0.05 seconds
2026-04-21 15:30:06,609 [main] INFO ElementActions.selectBy - Selected option by value: '5'
2026-04-21 15:30:06,609 [main] INFO Waits.waitForVisibilityOfAll - Waiting for up to 10 seconds for 'Names List' elements to be visible
2026-04-21 15:30:06,743 [main] INFO Waits.waitForVisibilityOfAll - Names List elements are visible after waiting 0.134 seconds
2026-04-21 15:30:06,743 [main] INFO TopDeals.validatePageSizeOption - Validating page size option: 5
2026-04-21 15:30:06,743 [main] INFO Asserts.assertEquals - Assertion Passed: Expected '5', found '5'
2026-04-21 15:30:06,743 [main] INFO Waits.waitForVisibilityOf - Waiting for up to 5 seconds for 'Page Menu' element to be visible
2026-04-21 15:30:06,760 [main] INFO Waits.waitForVisibilityOf - Page Menu element is visible after waiting 0.017 seconds
2026-04-21 15:30:06,856 [main] INFO ElementActions.selectBy - Selected option by value: '10'
2026-04-21 15:30:06,856 [main] INFO Waits.waitForVisibilityOfAll - Waiting for up to 10 seconds for 'Names List' elements to be visible
2026-04-21 15:30:07,139 [main] INFO Waits.waitForVisibilityOfAll - Names List elements are visible after waiting 0.283 seconds
2026-04-21 15:30:07,142 [main] INFO TopDeals.validatePageSizeOption - Validating page size option: 10
2026-04-21 15:30:07,142 [main] INFO Asserts.assertEquals - Assertion Passed: Expected '10', found '10'
2026-04-21 15:30:07,142 [main] INFO Waits.waitForVisibilityOf - Waiting for up to 5 seconds for 'Page Menu' element to be visible
2026-04-21 15:30:07,142 [main] INFO Waits.waitForVisibilityOf - Page Menu element is visible after waiting 0.0 seconds
2026-04-21 15:30:07,266 [main] INFO ElementActions.selectBy - Selected option by value: '20'
2026-04-21 15:30:07,266 [main] INFO Waits.waitForVisibilityOfAll - Waiting for up to 10 seconds for 'Names List' elements to be visible
2026-04-21 15:30:07,710 [main] INFO Waits.waitForVisibilityOfAll - Names List elements are visible after waiting 0.444 seconds
2026-04-21 15:30:07,729 [main] INFO TopDeals.validatePageSizeOption - Validating page size option: 20
2026-04-21 15:30:07,729 [main] INFO Asserts.assertTrue - Assertion Passed: 
]]></system-out>
  </testcase>
  <testcase name="TC15" classname="greenkart.testCases.TestExecution" time="1.488">
    <system-out><![CDATA[2026-04-21 15:30:07,739 [main] INFO Waits.waitForVisibilityOf - Waiting for up to 10 seconds for 'Column Header' element to be visible
2026-04-21 15:30:07,757 [main] INFO Waits.waitForVisibilityOf - Column Header element is visible after waiting 0.018 seconds
2026-04-21 15:30:07,792 [main] INFO TopDeals.clickColumnHeader - Clicked column header: name 1 times
2026-04-21 15:30:07,792 [main] INFO Waits.waitForVisibilityOfAll - Waiting for up to 10 seconds for 'Names List' elements to be visible
2026-04-21 15:30:08,142 [main] INFO Waits.waitForVisibilityOfAll - Names List elements are visible after waiting 0.35 seconds
2026-04-21 15:30:08,248 [main] INFO Asserts.assertEquals - Assertion Passed: Expected '[Almond, Apple, Banana, Beans, Brinjal, Carrot, Cheese, Cherry, Chocolate, Dragon fruit, Guava, Mango, Orange, Pineapple, Potato, Rice, Strawberry, Tomato, Wheat]', found '[Almond, Apple, Banana, Beans, Brinjal, Carrot, Cheese, Cherry, Chocolate, Dragon fruit, Guava, Mango, Orange, Pineapple, Potato, Rice, Strawberry, Tomato, Wheat]'
2026-04-21 15:30:08,248 [main] INFO Waits.waitForVisibilityOf - Waiting for up to 10 seconds for 'Price Colummn Header' element to be visible
2026-04-21 15:30:08,263 [main] INFO Waits.waitForVisibilityOf - Price Colummn Header element is visible after waiting 0.015 seconds
2026-04-21 15:30:08,291 [main] INFO TopDeals.clickColumnHeader - Clicked column header: price 1 times
2026-04-21 15:30:08,291 [main] INFO Waits.waitForVisibilityOfAll - Waiting for up to 10 seconds for 'Prices List' elements to be visible
2026-04-21 15:30:08,625 [main] INFO Waits.waitForVisibilityOfAll - Prices List elements are visible after waiting 0.334 seconds
2026-04-21 15:30:08,741 [main] INFO Asserts.assertEquals - Assertion Passed: Expected '[23, 34, 34, 34, 37, 37, 37, 38, 42, 44, 56, 58, 64, 67, 67, 87, 88, 93, 93]', found '[23, 34, 34, 34, 37, 37, 37, 38, 42, 44, 56, 58, 64, 67, 67, 87, 88, 93, 93]'
2026-04-21 15:30:08,741 [main] INFO Waits.waitForVisibilityOf - Waiting for up to 10 seconds for 'Discount Column Header' element to be visible
2026-04-21 15:30:08,757 [main] INFO Waits.waitForVisibilityOf - Discount Column Header element is visible after waiting 0.016 seconds
2026-04-21 15:30:08,791 [main] INFO TopDeals.clickColumnHeader - Clicked column header: discount 1 times
2026-04-21 15:30:08,792 [main] INFO Waits.waitForVisibilityOfAll - Waiting for up to 10 seconds for 'Discount List' elements to be visible
2026-04-21 15:30:09,110 [main] INFO Waits.waitForVisibilityOfAll - Discount List elements are visible after waiting 0.318 seconds
2026-04-21 15:30:09,227 [main] INFO Asserts.assertEquals - Assertion Passed: Expected '[12, 12, 15, 20, 22, 23, 26, 27, 28, 34, 36, 40, 41, 44, 46, 53, 60, 77, 88]', found '[12, 12, 15, 20, 22, 23, 26, 27, 28, 34, 36, 40, 41, 44, 46, 53, 60, 77, 88]'
]]></system-out>
  </testcase>
  <testcase name="TC16" classname="greenkart.testCases.TestExecution" time="1.588">
    <system-out><![CDATA[2026-04-21 15:30:09,243 [main] INFO Waits.waitForVisibilityOf - Waiting for up to 10 seconds for 'Column Header' element to be visible
2026-04-21 15:30:09,243 [main] INFO Waits.waitForVisibilityOf - Column Header element is visible after waiting 0.0 seconds
2026-04-21 15:30:09,292 [main] INFO Waits.waitForVisibilityOf - Waiting for up to 10 seconds for 'Column Header' element to be visible
2026-04-21 15:30:09,292 [main] INFO Waits.waitForVisibilityOf - Column Header element is visible after waiting 0.0 seconds
2026-04-21 15:30:09,344 [main] INFO TopDeals.clickColumnHeader - Clicked column header: name 2 times
2026-04-21 15:30:09,344 [main] INFO Waits.waitForVisibilityOfAll - Waiting for up to 10 seconds for 'Names List' elements to be visible
2026-04-21 15:30:09,675 [main] INFO Waits.waitForVisibilityOfAll - Names List elements are visible after waiting 0.331 seconds
2026-04-21 15:30:09,782 [main] INFO Asserts.assertEquals - Assertion Passed: Expected '[Wheat, Tomato, Strawberry, Rice, Potato, Pineapple, Orange, Mango, Guava, Dragon fruit, Chocolate, Cherry, Cheese, Carrot, Brinjal, Beans, Banana, Apple, Almond]', found '[Wheat, Tomato, Strawberry, Rice, Potato, Pineapple, Orange, Mango, Guava, Dragon fruit, Chocolate, Cherry, Cheese, Carrot, Brinjal, Beans, Banana, Apple, Almond]'
2026-04-21 15:30:09,782 [main] INFO Waits.waitForVisibilityOf - Waiting for up to 10 seconds for 'Price Colummn Header' element to be visible
2026-04-21 15:30:09,791 [main] INFO Waits.waitForVisibilityOf - Price Colummn Header element is visible after waiting 0.009 seconds
2026-04-21 15:30:09,830 [main] INFO Waits.waitForVisibilityOf - Waiting for up to 10 seconds for 'Price Colummn Header' element to be visible
2026-04-21 15:30:09,841 [main] INFO Waits.waitForVisibilityOf - Price Colummn Header element is visible after waiting 0.011 seconds
2026-04-21 15:30:09,878 [main] INFO TopDeals.clickColumnHeader - Clicked column header: price 2 times
2026-04-21 15:30:09,878 [main] INFO Waits.waitForVisibilityOfAll - Waiting for up to 10 seconds for 'Prices List' elements to be visible
2026-04-21 15:30:10,191 [main] INFO Waits.waitForVisibilityOfAll - Prices List elements are visible after waiting 0.313 seconds
2026-04-21 15:30:10,308 [main] INFO Asserts.assertEquals - Assertion Passed: Expected '[93, 93, 88, 87, 67, 67, 64, 58, 56, 44, 42, 38, 37, 37, 37, 34, 34, 34, 23]', found '[93, 93, 88, 87, 67, 67, 64, 58, 56, 44, 42, 38, 37, 37, 37, 34, 34, 34, 23]'
2026-04-21 15:30:10,308 [main] INFO Waits.waitForVisibilityOf - Waiting for up to 10 seconds for 'Discount Column Header' element to be visible
2026-04-21 15:30:10,311 [main] INFO Waits.waitForVisibilityOf - Discount Column Header element is visible after waiting 0.003 seconds
2026-04-21 15:30:10,341 [main] INFO Waits.waitForVisibilityOf - Waiting for up to 10 seconds for 'Discount Column Header' element to be visible
2026-04-21 15:30:10,359 [main] INFO Waits.waitForVisibilityOf - Discount Column Header element is visible after waiting 0.018 seconds
2026-04-21 15:30:10,393 [main] INFO TopDeals.clickColumnHeader - Clicked column header: discount 2 times
2026-04-21 15:30:10,393 [main] INFO Waits.waitForVisibilityOfAll - Waiting for up to 10 seconds for 'Discount List' elements to be visible
2026-04-21 15:30:10,728 [main] INFO Waits.waitForVisibilityOfAll - Discount List elements are visible after waiting 0.335 seconds
2026-04-21 15:30:10,828 [main] INFO Asserts.assertEquals - Assertion Passed: Expected '[88, 77, 60, 53, 46, 44, 41, 40, 36, 34, 28, 27, 26, 23, 22, 20, 15, 12, 12]', found '[88, 77, 60, 53, 46, 44, 41, 40, 36, 34, 28, 27, 26, 23, 22, 20, 15, 12, 12]'
]]></system-out>
  </testcase>
  <testcase name="TC17" classname="greenkart.testCases.TestExecution" time="3.708">
    <system-out><![CDATA[2026-04-21 15:30:10,852 [main] INFO TopDeals.validateDate - Validating current date: 2026-04-21
2026-04-21 15:30:10,852 [main] INFO Asserts.assertEquals - Assertion Passed: Expected '2026-04-21', found '2026-04-21'
2026-04-21 15:30:10,852 [main] INFO Waits.waitForVisibilityOf - Waiting for up to 5 seconds for 'Calendar' element to be visible
2026-04-21 15:30:10,863 [main] INFO Waits.waitForVisibilityOf - Calendar element is visible after waiting 0.011 seconds
2026-04-21 15:30:13,730 [main] INFO TopDeals.validateDate - Navigated to calendar month-year: August 2030
2026-04-21 15:30:13,730 [main] INFO Waits.waitForVisibilityOfAll - Waiting for up to 5 seconds for 'Calendar Days' elements to be visible
2026-04-21 15:30:14,457 [main] INFO Waits.waitForVisibilityOfAll - Calendar Days elements are visible after waiting 0.727 seconds
2026-04-21 15:30:14,528 [main] INFO TopDeals.validateDate - Validating calendar date: August 2030-01
2026-04-21 15:30:14,545 [main] INFO Asserts.assertEquals - Assertion Passed: Expected '2030-08-01', found '2030-08-01'
]]></system-out>
  </testcase>
</testsuite>