<?xml version="1.0" encoding="UTF-8"?>
<testng-results ignored="0" total="18" passed="18" failed="0" skipped="0">
  <reporter-output>
  </reporter-output>
  <suite started-at="2025-07-30T16:59:13 EEST" name="Suite" finished-at="2025-07-30T16:59:56 EEST" duration-ms="42621">
    <groups>
    </groups>
    <test started-at="2025-07-30T16:59:13 EEST" name="Test 1" finished-at="2025-07-30T16:59:56 EEST" duration-ms="42621">
      <class name="greenkart.testCases.TestExecution">
        <test-method is-config="true" signature="setUP()[pri:0, instance:greenkart.testCases.TestExecution@a4ca3f6]" started-at="2025-07-30T16:59:13 EEST" name="setUP" finished-at="2025-07-30T16:59:14 EEST" duration-ms="966" status="PASS">
          <reporter-output>
          </reporter-output>
        </test-method> <!-- setUP -->
        <test-method signature="TestStart()[pri:0, instance:greenkart.testCases.TestExecution@a4ca3f6]" started-at="2025-07-30T16:59:14 EEST" name="TestStart" finished-at="2025-07-30T16:59:17 EEST" duration-ms="2841" status="PASS">
          <reporter-output>
          </reporter-output>
        </test-method> <!-- TestStart -->
        <test-method is-config="true" signature="afterTest(org.testng.ITestResult)[pri:0, instance:greenkart.testCases.TestExecution@a4ca3f6]" started-at="2025-07-30T16:59:17 EEST" name="afterTest" finished-at="2025-07-30T16:59:17 EEST" duration-ms="3" status="PASS">
          <params>
            <param index="0">
              <value>
                <![CDATA[[TestResult name=TestStart status=SUCCESS method=TestExecution.TestStart()[pri:0, instance:greenkart.testCases.TestExecution@a4ca3f6] output={null}]]]>
              </value>
            </param>
          </params>
          <reporter-output>
          </reporter-output>
        </test-method> <!-- afterTest -->
        <test-method is-config="true" signature="testRunLog()[pri:0, instance:greenkart.testCases.TestExecution@a4ca3f6]" started-at="2025-07-30T16:59:17 EEST" name="testRunLog" finished-at="2025-07-30T16:59:17 EEST" duration-ms="6" status="PASS">
          <reporter-output>
          </reporter-output>
        </test-method> <!-- testRunLog -->
        <test-method signature="TC1()[pri:0, instance:greenkart.testCases.TestExecution@a4ca3f6]" started-at="2025-07-30T16:59:17 EEST" name="TC1" finished-at="2025-07-30T16:59:26 EEST" depends-on-methods="greenkart.testCases.TestExecution.TestStart" duration-ms="9060" status="PASS">
          <reporter-output>
          </reporter-output>
        </test-method> <!-- TC1 -->
        <test-method is-config="true" signature="afterTest(org.testng.ITestResult)[pri:0, instance:greenkart.testCases.TestExecution@a4ca3f6]" started-at="2025-07-30T16:59:26 EEST" name="afterTest" finished-at="2025-07-30T16:59:26 EEST" duration-ms="1" status="PASS">
          <params>
            <param index="0">
              <value>
                <![CDATA[[TestResult name=TC1 status=SUCCESS method=TestExecution.TC1()[pri:0, instance:greenkart.testCases.TestExecution@a4ca3f6] output={null}]]]>
              </value>
            </param>
          </params>
          <reporter-output>
          </reporter-output>
        </test-method> <!-- afterTest -->
        <test-method is-config="true" signature="testRunLog()[pri:0, instance:greenkart.testCases.TestExecution@a4ca3f6]" started-at="2025-07-30T16:59:26 EEST" name="testRunLog" finished-at="2025-07-30T16:59:26 EEST" duration-ms="0" status="PASS">
          <reporter-output>
          </reporter-output>
        </test-method> <!-- testRunLog -->
        <test-method signature="TC2()[pri:0, instance:greenkart.testCases.TestExecution@a4ca3f6]" started-at="2025-07-30T16:59:26 EEST" name="TC2" finished-at="2025-07-30T16:59:29 EEST" depends-on-methods="greenkart.testCases.TestExecution.TC1" duration-ms="2207" status="PASS">
          <reporter-output>
          </reporter-output>
        </test-method> <!-- TC2 -->
        <test-method is-config="true" signature="afterTest(org.testng.ITestResult)[pri:0, instance:greenkart.testCases.TestExecution@a4ca3f6]" started-at="2025-07-30T16:59:29 EEST" name="afterTest" finished-at="2025-07-30T16:59:29 EEST" duration-ms="1" status="PASS">
          <params>
            <param index="0">
              <value>
                <![CDATA[[TestResult name=TC2 status=SUCCESS method=TestExecution.TC2()[pri:0, instance:greenkart.testCases.TestExecution@a4ca3f6] output={null}]]]>
              </value>
            </param>
          </params>
          <reporter-output>
          </reporter-output>
        </test-method> <!-- afterTest -->
        <test-method is-config="true" signature="testRunLog()[pri:0, instance:greenkart.testCases.TestExecution@a4ca3f6]" started-at="2025-07-30T16:59:29 EEST" name="testRunLog" finished-at="2025-07-30T16:59:29 EEST" duration-ms="3" status="PASS">
          <reporter-output>
          </reporter-output>
        </test-method> <!-- testRunLog -->
        <test-method signature="TC3()[pri:0, instance:greenkart.testCases.TestExecution@a4ca3f6]" started-at="2025-07-30T16:59:29 EEST" name="TC3" finished-at="2025-07-30T16:59:32 EEST" depends-on-methods="greenkart.testCases.TestExecution.TC2" duration-ms="3454" status="PASS">
          <reporter-output>
          </reporter-output>
        </test-method> <!-- TC3 -->
        <test-method is-config="true" signature="afterTest(org.testng.ITestResult)[pri:0, instance:greenkart.testCases.TestExecution@a4ca3f6]" started-at="2025-07-30T16:59:32 EEST" name="afterTest" finished-at="2025-07-30T16:59:32 EEST" duration-ms="0" status="PASS">
          <params>
            <param index="0">
              <value>
                <![CDATA[[TestResult name=TC3 status=SUCCESS method=TestExecution.TC3()[pri:0, instance:greenkart.testCases.TestExecution@a4ca3f6] output={null}]]]>
              </value>
            </param>
          </params>
          <reporter-output>
          </reporter-output>
        </test-method> <!-- afterTest -->
        <test-method signature="TC4()[pri:0, instance:greenkart.testCases.TestExecution@a4ca3f6]" started-at="2025-07-30T16:59:32 EEST" name="TC4" finished-at="2025-07-30T16:59:34 EEST" depends-on-methods="greenkart.testCases.TestExecution.TC3" duration-ms="2079" status="PASS">
          <reporter-output>
          </reporter-output>
        </test-method> <!-- TC4 -->
        <test-method is-config="true" signature="testRunLog()[pri:0, instance:greenkart.testCases.TestExecution@a4ca3f6]" started-at="2025-07-30T16:59:32 EEST" name="testRunLog" finished-at="2025-07-30T16:59:32 EEST" duration-ms="0" status="PASS">
          <reporter-output>
          </reporter-output>
        </test-method> <!-- testRunLog -->
        <test-method is-config="true" signature="afterTest(org.testng.ITestResult)[pri:0, instance:greenkart.testCases.TestExecution@a4ca3f6]" started-at="2025-07-30T16:59:34 EEST" name="afterTest" finished-at="2025-07-30T16:59:34 EEST" duration-ms="0" status="PASS">
          <params>
            <param index="0">
              <value>
                <![CDATA[[TestResult name=TC4 status=SUCCESS method=TestExecution.TC4()[pri:0, instance:greenkart.testCases.TestExecution@a4ca3f6] output={null}]]]>
              </value>
            </param>
          </params>
          <reporter-output>
          </reporter-output>
        </test-method> <!-- afterTest -->
        <test-method signature="TC5()[pri:0, instance:greenkart.testCases.TestExecution@a4ca3f6]" started-at="2025-07-30T16:59:34 EEST" name="TC5" finished-at="2025-07-30T16:59:35 EEST" depends-on-methods="greenkart.testCases.TestExecution.TC4" duration-ms="1153" status="PASS">
          <reporter-output>
          </reporter-output>
        </test-method> <!-- TC5 -->
        <test-method is-config="true" signature="testRunLog()[pri:0, instance:greenkart.testCases.TestExecution@a4ca3f6]" started-at="2025-07-30T16:59:34 EEST" name="testRunLog" finished-at="2025-07-30T16:59:34 EEST" duration-ms="0" status="PASS">
          <reporter-output>
          </reporter-output>
        </test-method> <!-- testRunLog -->
        <test-method is-config="true" signature="testRunLog()[pri:0, instance:greenkart.testCases.TestExecution@a4ca3f6]" started-at="2025-07-30T16:59:35 EEST" name="testRunLog" finished-at="2025-07-30T16:59:35 EEST" duration-ms="16" status="PASS">
          <reporter-output>
          </reporter-output>
        </test-method> <!-- testRunLog -->
        <test-method is-config="true" signature="afterTest(org.testng.ITestResult)[pri:0, instance:greenkart.testCases.TestExecution@a4ca3f6]" started-at="2025-07-30T16:59:35 EEST" name="afterTest" finished-at="2025-07-30T16:59:35 EEST" duration-ms="0" status="PASS">
          <params>
            <param index="0">
              <value>
                <![CDATA[[TestResult name=TC5 status=SUCCESS method=TestExecution.TC5()[pri:0, instance:greenkart.testCases.TestExecution@a4ca3f6] output={null}]]]>
              </value>
            </param>
          </params>
          <reporter-output>
          </reporter-output>
        </test-method> <!-- afterTest -->
        <test-method signature="TC6()[pri:0, instance:greenkart.testCases.TestExecution@a4ca3f6]" started-at="2025-07-30T16:59:35 EEST" name="TC6" finished-at="2025-07-30T16:59:36 EEST" depends-on-methods="greenkart.testCases.TestExecution.TC5" duration-ms="481" status="PASS">
          <reporter-output>
          </reporter-output>
        </test-method> <!-- TC6 -->
        <test-method signature="TC7()[pri:0, instance:greenkart.testCases.TestExecution@a4ca3f6]" started-at="2025-07-30T16:59:36 EEST" name="TC7" finished-at="2025-07-30T16:59:42 EEST" depends-on-methods="greenkart.testCases.TestExecution.TC6" duration-ms="6358" status="PASS">
          <reporter-output>
          </reporter-output>
        </test-method> <!-- TC7 -->
        <test-method is-config="true" signature="testRunLog()[pri:0, instance:greenkart.testCases.TestExecution@a4ca3f6]" started-at="2025-07-30T16:59:36 EEST" name="testRunLog" finished-at="2025-07-30T16:59:36 EEST" duration-ms="0" status="PASS">
          <reporter-output>
          </reporter-output>
        </test-method> <!-- testRunLog -->
        <test-method is-config="true" signature="afterTest(org.testng.ITestResult)[pri:0, instance:greenkart.testCases.TestExecution@a4ca3f6]" started-at="2025-07-30T16:59:36 EEST" name="afterTest" finished-at="2025-07-30T16:59:36 EEST" duration-ms="0" status="PASS">
          <params>
            <param index="0">
              <value>
                <![CDATA[[TestResult name=TC6 status=SUCCESS method=TestExecution.TC6()[pri:0, instance:greenkart.testCases.TestExecution@a4ca3f6] output={null}]]]>
              </value>
            </param>
          </params>
          <reporter-output>
          </reporter-output>
        </test-method> <!-- afterTest -->
        <test-method is-config="true" signature="afterTest(org.testng.ITestResult)[pri:0, instance:greenkart.testCases.TestExecution@a4ca3f6]" started-at="2025-07-30T16:59:42 EEST" name="afterTest" finished-at="2025-07-30T16:59:42 EEST" duration-ms="0" status="PASS">
          <params>
            <param index="0">
              <value>
                <![CDATA[[TestResult name=TC7 status=SUCCESS method=TestExecution.TC7()[pri:0, instance:greenkart.testCases.TestExecution@a4ca3f6] output={null}]]]>
              </value>
            </param>
          </params>
          <reporter-output>
          </reporter-output>
        </test-method> <!-- afterTest -->
        <test-method is-config="true" signature="testRunLog()[pri:0, instance:greenkart.testCases.TestExecution@a4ca3f6]" started-at="2025-07-30T16:59:42 EEST" name="testRunLog" finished-at="2025-07-30T16:59:42 EEST" duration-ms="7" status="PASS">
          <reporter-output>
          </reporter-output>
        </test-method> <!-- testRunLog -->
        <test-method signature="TC8()[pri:0, instance:greenkart.testCases.TestExecution@a4ca3f6]" started-at="2025-07-30T16:59:42 EEST" name="TC8" finished-at="2025-07-30T16:59:49 EEST" depends-on-methods="greenkart.testCases.TestExecution.TC7" duration-ms="6591" status="PASS">
          <reporter-output>
          </reporter-output>
        </test-method> <!-- TC8 -->
        <test-method is-config="true" signature="afterTest(org.testng.ITestResult)[pri:0, instance:greenkart.testCases.TestExecution@a4ca3f6]" started-at="2025-07-30T16:59:49 EEST" name="afterTest" finished-at="2025-07-30T16:59:49 EEST" duration-ms="1" status="PASS">
          <params>
            <param index="0">
              <value>
                <![CDATA[[TestResult name=TC8 status=SUCCESS method=TestExecution.TC8()[pri:0, instance:greenkart.testCases.TestExecution@a4ca3f6] output={null}]]]>
              </value>
            </param>
          </params>
          <reporter-output>
          </reporter-output>
        </test-method> <!-- afterTest -->
        <test-method is-config="true" signature="testRunLog()[pri:0, instance:greenkart.testCases.TestExecution@a4ca3f6]" started-at="2025-07-30T16:59:49 EEST" name="testRunLog" finished-at="2025-07-30T16:59:49 EEST" duration-ms="5" status="PASS">
          <reporter-output>
          </reporter-output>
        </test-method> <!-- testRunLog -->
        <test-method signature="TC9()[pri:0, instance:greenkart.testCases.TestExecution@a4ca3f6]" started-at="2025-07-30T16:59:49 EEST" name="TC9" finished-at="2025-07-30T16:59:49 EEST" depends-on-methods="greenkart.testCases.TestExecution.TC8" duration-ms="170" status="PASS">
          <reporter-output>
          </reporter-output>
        </test-method> <!-- TC9 -->
        <test-method signature="TC10()[pri:0, instance:greenkart.testCases.TestExecution@a4ca3f6]" started-at="2025-07-30T16:59:49 EEST" name="TC10" finished-at="2025-07-30T16:59:49 EEST" depends-on-methods="greenkart.testCases.TestExecution.TC9" duration-ms="126" status="PASS">
          <reporter-output>
          </reporter-output>
        </test-method> <!-- TC10 -->
        <test-method is-config="true" signature="testRunLog()[pri:0, instance:greenkart.testCases.TestExecution@a4ca3f6]" started-at="2025-07-30T16:59:49 EEST" name="testRunLog" finished-at="2025-07-30T16:59:49 EEST" duration-ms="0" status="PASS">
          <reporter-output>
          </reporter-output>
        </test-method> <!-- testRunLog -->
        <test-method is-config="true" signature="afterTest(org.testng.ITestResult)[pri:0, instance:greenkart.testCases.TestExecution@a4ca3f6]" started-at="2025-07-30T16:59:49 EEST" name="afterTest" finished-at="2025-07-30T16:59:49 EEST" duration-ms="0" status="PASS">
          <params>
            <param index="0">
              <value>
                <![CDATA[[TestResult name=TC9 status=SUCCESS method=TestExecution.TC9()[pri:0, instance:greenkart.testCases.TestExecution@a4ca3f6] output={null}]]]>
              </value>
            </param>
          </params>
          <reporter-output>
          </reporter-output>
        </test-method> <!-- afterTest -->
        <test-method is-config="true" signature="testRunLog()[pri:0, instance:greenkart.testCases.TestExecution@a4ca3f6]" started-at="2025-07-30T16:59:49 EEST" name="testRunLog" finished-at="2025-07-30T16:59:49 EEST" duration-ms="7" status="PASS">
          <reporter-output>
          </reporter-output>
        </test-method> <!-- testRunLog -->
        <test-method is-config="true" signature="afterTest(org.testng.ITestResult)[pri:0, instance:greenkart.testCases.TestExecution@a4ca3f6]" started-at="2025-07-30T16:59:49 EEST" name="afterTest" finished-at="2025-07-30T16:59:49 EEST" duration-ms="0" status="PASS">
          <params>
            <param index="0">
              <value>
                <![CDATA[[TestResult name=TC10 status=SUCCESS method=TestExecution.TC10()[pri:0, instance:greenkart.testCases.TestExecution@a4ca3f6] output={null}]]]>
              </value>
            </param>
          </params>
          <reporter-output>
          </reporter-output>
        </test-method> <!-- afterTest -->
        <test-method signature="TC11()[pri:0, instance:greenkart.testCases.TestExecution@a4ca3f6]" started-at="2025-07-30T16:59:49 EEST" name="TC11" finished-at="2025-07-30T16:59:49 EEST" depends-on-methods="greenkart.testCases.TestExecution.TC10" duration-ms="288" status="PASS">
          <reporter-output>
          </reporter-output>
        </test-method> <!-- TC11 -->
        <test-method is-config="true" signature="afterTest(org.testng.ITestResult)[pri:0, instance:greenkart.testCases.TestExecution@a4ca3f6]" started-at="2025-07-30T16:59:49 EEST" name="afterTest" finished-at="2025-07-30T16:59:49 EEST" duration-ms="1" status="PASS">
          <params>
            <param index="0">
              <value>
                <![CDATA[[TestResult name=TC11 status=SUCCESS method=TestExecution.TC11()[pri:0, instance:greenkart.testCases.TestExecution@a4ca3f6] output={null}]]]>
              </value>
            </param>
          </params>
          <reporter-output>
          </reporter-output>
        </test-method> <!-- afterTest -->
        <test-method is-config="true" signature="testRunLog()[pri:0, instance:greenkart.testCases.TestExecution@a4ca3f6]" started-at="2025-07-30T16:59:49 EEST" name="testRunLog" finished-at="2025-07-30T16:59:49 EEST" duration-ms="4" status="PASS">
          <reporter-output>
          </reporter-output>
        </test-method> <!-- testRunLog -->
        <test-method signature="TC12()[pri:0, instance:greenkart.testCases.TestExecution@a4ca3f6]" started-at="2025-07-30T16:59:49 EEST" name="TC12" finished-at="2025-07-30T16:59:50 EEST" depends-on-methods="greenkart.testCases.TestExecution.TC11" duration-ms="391" status="PASS">
          <reporter-output>
          </reporter-output>
        </test-method> <!-- TC12 -->
        <test-method is-config="true" signature="afterTest(org.testng.ITestResult)[pri:0, instance:greenkart.testCases.TestExecution@a4ca3f6]" started-at="2025-07-30T16:59:50 EEST" name="afterTest" finished-at="2025-07-30T16:59:50 EEST" duration-ms="0" status="PASS">
          <params>
            <param index="0">
              <value>
                <![CDATA[[TestResult name=TC12 status=SUCCESS method=TestExecution.TC12()[pri:0, instance:greenkart.testCases.TestExecution@a4ca3f6] output={null}]]]>
              </value>
            </param>
          </params>
          <reporter-output>
          </reporter-output>
        </test-method> <!-- afterTest -->
        <test-method is-config="true" signature="testRunLog()[pri:0, instance:greenkart.testCases.TestExecution@a4ca3f6]" started-at="2025-07-30T16:59:50 EEST" name="testRunLog" finished-at="2025-07-30T16:59:50 EEST" duration-ms="4" status="PASS">
          <reporter-output>
          </reporter-output>
        </test-method> <!-- testRunLog -->
        <test-method signature="TC13()[pri:0, instance:greenkart.testCases.TestExecution@a4ca3f6]" started-at="2025-07-30T16:59:50 EEST" name="TC13" finished-at="2025-07-30T16:59:51 EEST" depends-on-methods="greenkart.testCases.TestExecution.TC12" duration-ms="862" status="PASS">
          <reporter-output>
          </reporter-output>
        </test-method> <!-- TC13 -->
        <test-method signature="TC14()[pri:0, instance:greenkart.testCases.TestExecution@a4ca3f6]" started-at="2025-07-30T16:59:51 EEST" name="TC14" finished-at="2025-07-30T16:59:51 EEST" depends-on-methods="greenkart.testCases.TestExecution.TC13" duration-ms="381" status="PASS">
          <reporter-output>
          </reporter-output>
        </test-method> <!-- TC14 -->
        <test-method is-config="true" signature="testRunLog()[pri:0, instance:greenkart.testCases.TestExecution@a4ca3f6]" started-at="2025-07-30T16:59:51 EEST" name="testRunLog" finished-at="2025-07-30T16:59:51 EEST" duration-ms="0" status="PASS">
          <reporter-output>
          </reporter-output>
        </test-method> <!-- testRunLog -->
        <test-method is-config="true" signature="afterTest(org.testng.ITestResult)[pri:0, instance:greenkart.testCases.TestExecution@a4ca3f6]" started-at="2025-07-30T16:59:51 EEST" name="afterTest" finished-at="2025-07-30T16:59:51 EEST" duration-ms="0" status="PASS">
          <params>
            <param index="0">
              <value>
                <![CDATA[[TestResult name=TC13 status=SUCCESS method=TestExecution.TC13()[pri:0, instance:greenkart.testCases.TestExecution@a4ca3f6] output={null}]]]>
              </value>
            </param>
          </params>
          <reporter-output>
          </reporter-output>
        </test-method> <!-- afterTest -->
        <test-method is-config="true" signature="afterTest(org.testng.ITestResult)[pri:0, instance:greenkart.testCases.TestExecution@a4ca3f6]" started-at="2025-07-30T16:59:51 EEST" name="afterTest" finished-at="2025-07-30T16:59:51 EEST" duration-ms="0" status="PASS">
          <params>
            <param index="0">
              <value>
                <![CDATA[[TestResult name=TC14 status=SUCCESS method=TestExecution.TC14()[pri:0, instance:greenkart.testCases.TestExecution@a4ca3f6] output={null}]]]>
              </value>
            </param>
          </params>
          <reporter-output>
          </reporter-output>
        </test-method> <!-- afterTest -->
        <test-method is-config="true" signature="testRunLog()[pri:0, instance:greenkart.testCases.TestExecution@a4ca3f6]" started-at="2025-07-30T16:59:51 EEST" name="testRunLog" finished-at="2025-07-30T16:59:51 EEST" duration-ms="4" status="PASS">
          <reporter-output>
          </reporter-output>
        </test-method> <!-- testRunLog -->
        <test-method signature="TC15()[pri:0, instance:greenkart.testCases.TestExecution@a4ca3f6]" started-at="2025-07-30T16:59:51 EEST" name="TC15" finished-at="2025-07-30T16:59:52 EEST" depends-on-methods="greenkart.testCases.TestExecution.TC14" duration-ms="629" status="PASS">
          <reporter-output>
          </reporter-output>
        </test-method> <!-- TC15 -->
        <test-method is-config="true" signature="testRunLog()[pri:0, instance:greenkart.testCases.TestExecution@a4ca3f6]" started-at="2025-07-30T16:59:52 EEST" name="testRunLog" finished-at="2025-07-30T16:59:52 EEST" duration-ms="0" status="PASS">
          <reporter-output>
          </reporter-output>
        </test-method> <!-- testRunLog -->
        <test-method is-config="true" signature="afterTest(org.testng.ITestResult)[pri:0, instance:greenkart.testCases.TestExecution@a4ca3f6]" started-at="2025-07-30T16:59:52 EEST" name="afterTest" finished-at="2025-07-30T16:59:52 EEST" duration-ms="0" status="PASS">
          <params>
            <param index="0">
              <value>
                <![CDATA[[TestResult name=TC15 status=SUCCESS method=TestExecution.TC15()[pri:0, instance:greenkart.testCases.TestExecution@a4ca3f6] output={null}]]]>
              </value>
            </param>
          </params>
          <reporter-output>
          </reporter-output>
        </test-method> <!-- afterTest -->
        <test-method signature="TC16()[pri:0, instance:greenkart.testCases.TestExecution@a4ca3f6]" started-at="2025-07-30T16:59:52 EEST" name="TC16" finished-at="2025-07-30T16:59:52 EEST" depends-on-methods="greenkart.testCases.TestExecution.TC15" duration-ms="615" status="PASS">
          <reporter-output>
          </reporter-output>
        </test-method> <!-- TC16 -->
        <test-method is-config="true" signature="afterTest(org.testng.ITestResult)[pri:0, instance:greenkart.testCases.TestExecution@a4ca3f6]" started-at="2025-07-30T16:59:52 EEST" name="afterTest" finished-at="2025-07-30T16:59:52 EEST" duration-ms="0" status="PASS">
          <params>
            <param index="0">
              <value>
                <![CDATA[[TestResult name=TC16 status=SUCCESS method=TestExecution.TC16()[pri:0, instance:greenkart.testCases.TestExecution@a4ca3f6] output={null}]]]>
              </value>
            </param>
          </params>
          <reporter-output>
          </reporter-output>
        </test-method> <!-- afterTest -->
        <test-method is-config="true" signature="testRunLog()[pri:0, instance:greenkart.testCases.TestExecution@a4ca3f6]" started-at="2025-07-30T16:59:52 EEST" name="testRunLog" finished-at="2025-07-30T16:59:52 EEST" duration-ms="0" status="PASS">
          <reporter-output>
          </reporter-output>
        </test-method> <!-- testRunLog -->
        <test-method signature="TC17()[pri:0, instance:greenkart.testCases.TestExecution@a4ca3f6]" started-at="2025-07-30T16:59:52 EEST" name="TC17" finished-at="2025-07-30T16:59:56 EEST" depends-on-methods="greenkart.testCases.TestExecution.TC16" duration-ms="3347" status="PASS">
          <reporter-output>
          </reporter-output>
        </test-method> <!-- TC17 -->
        <test-method is-config="true" signature="afterTest(org.testng.ITestResult)[pri:0, instance:greenkart.testCases.TestExecution@a4ca3f6]" started-at="2025-07-30T16:59:56 EEST" name="afterTest" finished-at="2025-07-30T16:59:56 EEST" duration-ms="1" status="PASS">
          <params>
            <param index="0">
              <value>
                <![CDATA[[TestResult name=TC17 status=SUCCESS method=TestExecution.TC17()[pri:0, instance:greenkart.testCases.TestExecution@a4ca3f6] output={null}]]]>
              </value>
            </param>
          </params>
          <reporter-output>
          </reporter-output>
        </test-method> <!-- afterTest -->
        <test-method is-config="true" signature="testRunLog()[pri:0, instance:greenkart.testCases.TestExecution@a4ca3f6]" started-at="2025-07-30T16:59:56 EEST" name="testRunLog" finished-at="2025-07-30T16:59:56 EEST" duration-ms="4" status="PASS">
          <reporter-output>
          </reporter-output>
        </test-method> <!-- testRunLog -->
        <test-method is-config="true" signature="tearDown()[pri:0, instance:greenkart.testCases.TestExecution@a4ca3f6]" started-at="2025-07-30T16:59:56 EEST" name="tearDown" finished-at="2025-07-30T16:59:56 EEST" duration-ms="265" status="PASS">
          <reporter-output>
          </reporter-output>
        </test-method> <!-- tearDown -->
      </class> <!-- greenkart.testCases.TestExecution -->
    </test> <!-- Test 1 -->
  </suite> <!-- Suite -->
</testng-results>
